0 info it worked if it ends with ok
1 verbose cli [ 'D:\\Program Files\\nodejs\\node.exe',
1 verbose cli   'D:\\Program Files\\nodejs\\node_modules\\npm\\bin\\npm-cli.js',
1 verbose cli   'run',
1 verbose cli   'dev' ]
2 info using npm@3.10.10
3 info using node@v6.10.0
4 verbose run-script [ 'predev', 'dev', 'postdev' ]
5 info lifecycle sell@1.0.0~predev: sell@1.0.0
6 silly lifecycle sell@1.0.0~predev: no script for predev, continuing
7 info lifecycle sell@1.0.0~dev: sell@1.0.0
8 verbose lifecycle sell@1.0.0~dev: unsafe-perm in lifecycle true
9 verbose lifecycle sell@1.0.0~dev: PATH: D:\Program Files\nodejs\node_modules\npm\bin\node-gyp-bin;D:\WorkSpace\GitHub\ele\node_modules\.bin;C:\Users\mutou\bin;D:\Program Files\Git\mingw64\bin;D:\Program Files\Git\usr\local\bin;D:\Program Files\Git\usr\bin;D:\Program Files\Git\usr\bin;D:\Program Files\Git\mingw64\bin;D:\Program Files\Git\usr\bin;C:\Users\mutou\bin;C:\Windows\system32;C:\Windows;C:\Windows\System32\Wbem;C:\Windows\System32\WindowsPowerShell\v1.0;D:\Program Files\nodejs;C:\Program Files (x86)\Calibre2;D:\Program Files (x86)\matlab\runtime\win64;D:\Program Files (x86)\matlab\bin;D:\Program Files (x86)\matlab\polyspace\bin;C:\Program Files\Microsoft SQL Server\120\Tools\Binn;D:\Program Files\Git\cmd;D:\Program Files (x86)\opencv300\opencv\build\x86\vc12\bin;C:\Windows\system32\config\systemprofile\.dnx\bin;C:\Program Files\Microsoft DNX\Dnvm;C:\Program Files (x86)\Windows Kits\8.1\Windows Performance Toolkit;C:\Users\mutou\AppData\Local\Programs\Python\Python36\Scripts;C:\Users\mutou\AppData\Local\Programs\Python\Python36;C:\Users\mutou\AppData\Local\Microsoft\WindowsApps;C:\Users\mutou\AppData\Roaming\npm;D:\Program Files (x86)\Microsoft VS Code\bin;D:\Program Files\Git\usr\bin\vendor_perl;D:\Program Files\Git\usr\bin\core_perl
10 verbose lifecycle sell@1.0.0~dev: CWD: D:\WorkSpace\GitHub\ele
11 silly lifecycle sell@1.0.0~dev: Args: [ '/d /s /c', 'node build/dev-server.js' ]
12 silly lifecycle sell@1.0.0~dev: Returned: code: 1  signal: null
13 info lifecycle sell@1.0.0~dev: Failed to exec dev script
14 verbose stack Error: sell@1.0.0 dev: `node build/dev-server.js`
14 verbose stack Exit status 1
14 verbose stack     at EventEmitter.<anonymous> (D:\Program Files\nodejs\node_modules\npm\lib\utils\lifecycle.js:255:16)
14 verbose stack     at emitTwo (events.js:106:13)
14 verbose stack     at EventEmitter.emit (events.js:191:7)
14 verbose stack     at ChildProcess.<anonymous> (D:\Program Files\nodejs\node_modules\npm\lib\utils\spawn.js:40:14)
14 verbose stack     at emitTwo (events.js:106:13)
14 verbose stack     at ChildProcess.emit (events.js:191:7)
14 verbose stack     at maybeClose (internal/child_process.js:877:16)
14 verbose stack     at Process.ChildProcess._handle.onexit (internal/child_process.js:226:5)
15 verbose pkgid sell@1.0.0
16 verbose cwd D:\WorkSpace\GitHub\ele
17 error Windows_NT 10.0.14393
18 error argv "D:\\Program Files\\nodejs\\node.exe" "D:\\Program Files\\nodejs\\node_modules\\npm\\bin\\npm-cli.js" "run" "dev"
19 error node v6.10.0
20 error npm  v3.10.10
21 error code ELIFECYCLE
22 error sell@1.0.0 dev: `node build/dev-server.js`
22 error Exit status 1
23 error Failed at the sell@1.0.0 dev script 'node build/dev-server.js'.
23 error Make sure you have the latest version of node.js and npm installed.
23 error If you do, this is most likely a problem with the sell package,
23 error not with npm itself.
23 error Tell the author that this fails on your system:
23 error     node build/dev-server.js
23 error You can get information on how to open an issue for this project with:
23 error     npm bugs sell
23 error Or if that isn't available, you can get their info via:
23 error     npm owner ls sell
23 error There is likely additional logging output above.
24 verbose exit [ 1, true ]
